Сборка начата 16.05.2015 18:12:55.
     1>Проект "C:\Users\Sony\Documents\Visual Studio 2013\Projects\kursach\kursach\kursach.vcxproj" в узле 2 (целевые объекты Build).
     1>ClCompile:
         C:\Program Files (x86)\Microsoft Visual Studio 12.0\VC\bin\CL.exe /c /ZI /nologo /W3 /WX- /Od /Oy- /D WIN32 /D _DEBUG /D _CONSOLE /D _LIB /Gm /EHsc /RTC1 /MDd /GS /fp:precise /Zc:wchar_t /Zc:forScope /Fo"Debug\\" /Fd"Debug\vc120.pdb" /Gd /TP /analyze- /errorReport:prompt kursach.cpp
         kursach.cpp
     1>c:\users\sony\documents\visual studio 2013\projects\kursach\kursach\kursach.cpp(29): warning C4244: аргумент: преобразование "time_t" в "unsigned int", возможна потеря данных
     1>c:\users\sony\documents\visual studio 2013\projects\kursach\kursach\kursach.cpp(54): warning C4101: y: неиспользованная локальная переменная
     1>c:\users\sony\documents\visual studio 2013\projects\kursach\kursach\kursach.cpp(54): warning C4101: x: неиспользованная локальная переменная
       Link:
         C:\Program Files (x86)\Microsoft Visual Studio 12.0\VC\bin\link.exe /ERRORREPORT:PROMPT /OUT:"C:\Users\Sony\Documents\Visual Studio 2013\Projects\kursach\Debug\kursach.exe" /INCREMENTAL /NOLOGO kernel32.lib user32.lib gdi32.lib winspool.lib comdlg32.lib advapi32.lib shell32.lib ole32.lib oleaut32.lib uuid.lib odbc32.lib odbccp32.lib /MANIFEST /MANIFESTUAC:"level='asInvoker' uiAccess='false'" /manifest:embed /DEBUG /PDB:"C:\Users\Sony\Documents\Visual Studio 2013\Projects\kursach\Debug\kursach.pdb" /SUBSYSTEM:CONSOLE /TLBID:1 /DYNAMICBASE /NXCOMPAT /IMPLIB:"C:\Users\Sony\Documents\Visual Studio 2013\Projects\kursach\Debug\kursach.lib" /MACHINE:X86 Debug\dibutil.obj
         Debug\drawing.obj
         Debug\file.obj
         Debug\image.obj
         Debug\misc.obj
         Debug\mouse.obj
         Debug\palette.obj
         Debug\text.obj
         Debug\winbgi.obj
         Debug\winthread.obj
         Debug\kursach.obj
         Debug\stdafx.obj
         kursach.vcxproj -> C:\Users\Sony\Documents\Visual Studio 2013\Projects\kursach\Debug\kursach.exe
     1>Сборка проекта "C:\Users\Sony\Documents\Visual Studio 2013\Projects\kursach\kursach\kursach.vcxproj" завершена (целевые объекты Build).

Сборка успешно завершена.

Затраченное время: 00:00:01.87
